2019-06-12T01:55:29.957437Z 0 [Warning] TIMESTAMP with implicit DEFAULT value is deprecated. Please use --explicit_defaults_for_timestamp server option (see documentation for more details).
2019-06-12T01:55:29.958213Z 0 [Note] /usr/sbin/mysqld (mysqld 5.7.23) starting as process 34 ...
2019-06-12T01:55:29.994512Z 0 [Note] InnoDB: PUNCH HOLE support available
2019-06-12T01:55:29.994544Z 0 [Note] InnoDB: Mutexes and rw_locks use GCC atomic builtins
2019-06-12T01:55:29.994550Z 0 [Note] InnoDB: Uses event mutexes
2019-06-12T01:55:29.994554Z 0 [Note] InnoDB: GCC builtin __atomic_thread_fence() is used for memory barrier
2019-06-12T01:55:29.994558Z 0 [Note] InnoDB: Compressed tables use zlib 1.2.3
2019-06-12T01:55:29.994562Z 0 [Note] InnoDB: Using Linux native AIO
2019-06-12T01:55:30.009436Z 0 [Note] InnoDB: Number of pools: 1
2019-06-12T01:55:30.009606Z 0 [Note] InnoDB: Using CPU crc32 instructions
2019-06-12T01:55:30.026148Z 0 [Note] InnoDB: Initializing buffer pool, total size = 32M, instances = 1, chunk size = 32M
2019-06-12T01:55:30.029468Z 0 [Note] InnoDB: Completed initialization of buffer pool
2019-06-12T01:55:30.030986Z 0 [Note] InnoDB: If the mysqld execution user is authorized, page cleaner thread priority can be changed. See the man page of setpriority().
2019-06-12T01:55:30.046861Z 0 [Note] InnoDB: Highest supported file format is Barracuda.
2019-06-12T01:55:30.056584Z 0 [Note] InnoDB: Log scan progressed past the checkpoint lsn 2588963
2019-06-12T01:55:30.056637Z 0 [Note] InnoDB: Doing recovery: scanned up to log sequence number 2591784
2019-06-12T01:55:30.058892Z 0 [Note] InnoDB: Database was not shutdown normally!
2019-06-12T01:55:30.058930Z 0 [Note] InnoDB: Starting crash recovery.
2019-06-12T01:55:31.335333Z 0 [Note] InnoDB: Starting an apply batch of log records to the database...
InnoDB: Progress in percent: 16 17 18 19 20 21 22 23 24 25 26 27 28 29 30 31 32 33 34 35 36 37 38 39 40 41 42 43 44 45 46 47 48 49 50 51 52 53 54 55 56 57 58 59 60 61 62 63 64 65 66 67 68 69 70 71 72 73 74 75 76 77 78 79 80 81 82 83 84 85 86 87 88 89 90 91 92 93 94 95 96 97 98 99 
2019-06-12T01:55:31.348844Z 0 [Note] InnoDB: Apply batch completed
2019-06-12T01:55:31.498667Z 0 [Note] InnoDB: Removed temporary tablespace data file: "ibtmp1"
2019-06-12T01:55:31.498701Z 0 [Note] InnoDB: Creating shared tablespace for temporary tables
2019-06-12T01:55:31.499188Z 0 [Note] InnoDB: Setting file './ibtmp1' size to 12 MB. Physically writing the file full; Please wait ...
2019-06-12T01:55:31.658597Z 0 [Note] InnoDB: File './ibtmp1' size is now 12 MB.
2019-06-12T01:55:31.662485Z 0 [Note] InnoDB: 96 redo rollback segment(s) found. 96 redo rollback segment(s) are active.
2019-06-12T01:55:31.662524Z 0 [Note] InnoDB: 32 non-redo rollback segment(s) are active.
2019-06-12T01:55:31.663041Z 0 [Note] InnoDB: Waiting for purge to start
2019-06-12T01:55:31.713508Z 0 [Note] InnoDB: 5.7.23 started; log sequence number 2591784
2019-06-12T01:55:31.713893Z 0 [Note] Plugin 'FEDERATED' is disabled.
2019-06-12T01:55:31.733722Z 0 [Warning] Failed to set up SSL because of the following SSL library error: SSL context is not usable without certificate and private key
2019-06-12T01:55:31.733750Z 0 [Note] Server hostname (bind-address): '*'; port: 3306
2019-06-12T01:55:31.733810Z 0 [Note] IPv6 is available.
2019-06-12T01:55:31.733826Z 0 [Note]   - '::' resolves to '::';
2019-06-12T01:55:31.733835Z 0 [Note] Server socket created on IP: '::'.
2019-06-12T01:55:31.780032Z 0 [Warning] Insecure configuration for --pid-file: Location '/var/run/mysqld' in the path is accessible to all OS users. Consider choosing a different directory.
2019-06-12T01:55:31.865517Z 0 [Note] InnoDB: Loading buffer pool(s) from /var/lib/mysql/ib_buffer_pool
2019-06-12T01:55:31.879852Z 0 [ERROR] /usr/sbin/mysqld: Table './mysql/user' is marked as crashed and should be repaired
2019-06-12T01:55:31.880510Z 0 [Warning] Checking table:   './mysql/user'
2019-06-12T01:55:31.880546Z 0 [ERROR] 1 client is using or hasn't closed the table properly
2019-06-12T01:55:31.915339Z 0 [Warning] 'user' entry 'root@localhost' ignored in --skip-name-resolve mode.
2019-06-12T01:55:31.915384Z 0 [Warning] 'user' entry 'mysql.session@localhost' ignored in --skip-name-resolve mode.
2019-06-12T01:55:31.915394Z 0 [Warning] 'user' entry 'mysql.sys@localhost' ignored in --skip-name-resolve mode.
2019-06-12T01:55:31.915414Z 0 [Warning] 'db' entry 'performance_schema mysql.session@localhost' ignored in --skip-name-resolve mode.
2019-06-12T01:55:31.915418Z 0 [Warning] 'db' entry 'sys mysql.sys@localhost' ignored in --skip-name-resolve mode.
2019-06-12T01:55:31.915427Z 0 [Warning] 'proxies_priv' entry '@ root@localhost' ignored in --skip-name-resolve mode.
2019-06-12T01:55:31.992001Z 0 [Warning] 'tables_priv' entry 'user mysql.session@localhost' ignored in --skip-name-resolve mode.
2019-06-12T01:55:31.992025Z 0 [Warning] 'tables_priv' entry 'sys_config mysql.sys@localhost' ignored in --skip-name-resolve mode.
2019-06-12T01:55:32.057300Z 0 [Note] InnoDB: Buffer pool(s) load completed at 190612  1:55:32
2019-06-12T01:55:32.226299Z 0 [Note] Event Scheduler: Loaded 0 events
2019-06-12T01:55:32.245113Z 0 [Note] /usr/sbin/mysqld: ready for connections.
Version: '5.7.23'  socket: '/var/run/mysqld/mysqld.sock'  port: 3306  MySQL Community Server (GPL)
2019-06-12T01:55:32.598706Z 4 [ERROR] /usr/sbin/mysqld: Table './mysql/proc' is marked as crashed and should be repaired
2019-06-12T01:55:32.598870Z 4 [Warning] Checking table:   './mysql/proc'
2019-06-12T01:55:32.648169Z 6 [Warning] 'user' entry 'root@localhost' ignored in --skip-name-resolve mode.
2019-06-12T01:55:32.648236Z 6 [Warning] 'user' entry 'mysql.session@localhost' ignored in --skip-name-resolve mode.
2019-06-12T01:55:32.648253Z 6 [Warning] 'user' entry 'mysql.sys@localhost' ignored in --skip-name-resolve mode.
2019-06-12T01:55:32.648285Z 6 [Warning] 'db' entry 'performance_schema mysql.session@localhost' ignored in --skip-name-resolve mode.
2019-06-12T01:55:32.648293Z 6 [Warning] 'db' entry 'sys mysql.sys@localhost' ignored in --skip-name-resolve mode.
2019-06-12T01:55:32.648308Z 6 [Warning] 'proxies_priv' entry '@ root@localhost' ignored in --skip-name-resolve mode.
2019-06-12T01:55:32.648580Z 6 [Warning] 'tables_priv' entry 'user mysql.session@localhost' ignored in --skip-name-resolve mode.
2019-06-12T01:55:32.648597Z 6 [Warning] 'tables_priv' entry 'sys_config mysql.sys@localhost' ignored in --skip-name-resolve mode.
